==20516== Memcheck, a memory error detector
==20516== Copyright (C) 2002-2015, and GNU GPL'd, by Julian Seward et al.
==20516== Using Valgrind-3.11.0 and LibVEX; rerun with -h for copyright info
==20516== Command: bin/xacto -p 6666
==20516== Parent PID: 13035
==20516== 
==20516== Syscall param rt_sigaction(act->sa_mask) points to uninitialised byte(s)
==20516==    at 0x4E4B48E: __libc_sigaction (sigaction.c:62)
==20516==    by 0x4020A2: main (in /home/student/dmgarcia/hw5/bin/xacto)
==20516==  Address 0xffefffc38 is on thread 1's stack
==20516== 
==20516== Syscall param rt_sigaction(act->sa_flags) points to uninitialised byte(s)
==20516==    at 0x4E4B48E: __libc_sigaction (sigaction.c:62)
==20516==    by 0x4020A2: main (in /home/student/dmgarcia/hw5/bin/xacto)
==20516==  Address 0xffefffc28 is on thread 1's stack
==20516== 
==20516== 
==20516== Process terminating with default action of signal 2 (SIGINT)
==20516==    at 0x4E4A750: __accept_nocancel (syscall-template.S:84)
==20516==    by 0x402FD2: Accept (in /home/student/dmgarcia/hw5/bin/xacto)
==20516==    by 0x4020DB: main (in /home/student/dmgarcia/hw5/bin/xacto)
==20516== 
==20516== HEAP SUMMARY:
==20516==     in use at exit: 344 bytes in 5 blocks
==20516==   total heap usage: 11 allocs, 6 frees, 6,812 bytes allocated
==20516== 
==20516== LEAK SUMMARY:
==20516==    definitely lost: 0 bytes in 0 blocks
==20516==    indirectly lost: 0 bytes in 0 blocks
==20516==      possibly lost: 0 bytes in 0 blocks
==20516==    still reachable: 344 bytes in 5 blocks
==20516==         suppressed: 0 bytes in 0 blocks
==20516== Reachable blocks (those to which a pointer was found) are not shown.
==20516== To see them, rerun with: --leak-check=full --show-leak-kinds=all
==20516== 
==20516== For counts of detected and suppressed errors, rerun with: -v
==20516== Use --track-origins=yes to see where uninitialised values come from
==20516== ERROR SUMMARY: 2 errors from 2 contexts (suppressed: 0 from 0)
